GAS LISTING C:\Users\GUUSV_~1\AppData\Local\Temp/cchflQJb.s 			page 1


   1               		.file	"display.c"
   2               		.arch atmega2561
   3               	__SREG__ = 0x3f
   4               	__SP_H__ = 0x3e
   5               	__SP_L__ = 0x3d
   6               	__tmp_reg__ = 0
   7               	__zero_reg__ = 1
   8               		.global __do_copy_data
   9               		.global __do_clear_bss
  10               		.text
  11               	.global	LcdBackLight
  12               		.type	LcdBackLight, @function
  13               	LcdBackLight:
  14               	/* prologue: frame size=0 */
  15               	/* prologue end (size=0) */
  16 0000 8130      		cpi r24,lo8(1)
  17 0002 01F4      		brne .L2
  18 0004 739A      		sbi 46-0x20,3
  19 0006 0895      		ret
  20               	.L2:
  21 0008 8823      		tst r24
  22 000a 01F4      		brne .L6
  23 000c 7398      		cbi 46-0x20,3
  24               	.L6:
  25 000e 0895      		ret
  26               	/* epilogue: frame size=0 */
  27               	/* epilogue: noreturn */
  28               	/* epilogue end (size=0) */
  29               	/* function LcdBackLight size 8 (8) */
  30               		.size	LcdBackLight, .-LcdBackLight
  31               		.type	LcdWriteNibble, @function
  32               	LcdWriteNibble:
  33               	/* prologue: frame size=0 */
  34               	/* prologue end (size=0) */
  35 0010 9AB1      		in r25,42-0x20
  36 0012 9F70      		andi r25,lo8(15)
  37 0014 906F      		ori r25,lo8(-16)
  38 0016 9AB9      		out 42-0x20,r25
  39 0018 9BB1      		in r25,43-0x20
  40 001a 9F70      		andi r25,lo8(15)
  41 001c 607F      		andi r22,lo8(-16)
  42 001e 962B      		or r25,r22
  43 0020 9BB9      		out 43-0x20,r25
  44 0022 8230      		cpi r24,lo8(2)
  45 0024 01F4      		brne .L8
  46 0026 8A98      		cbi 49-0x20,2
  47 0028 00C0      		rjmp .L10
  48               	.L8:
  49 002a 8A9A      		sbi 49-0x20,2
  50               	.L10:
  51 002c 729A      		sbi 46-0x20,2
  52               	/* #APP */
  53 002e 0000      		nop
  54 0030 0000      		nop
  55               	/* #NOAPP */
  56 0032 7298      		cbi 46-0x20,2
  57 0034 8A98      		cbi 49-0x20,2
GAS LISTING C:\Users\GUUSV_~1\AppData\Local\Temp/cchflQJb.s 			page 2


  58 0036 8AB1      		in r24,42-0x20
  59 0038 8F70      		andi r24,lo8(15)
  60 003a 8AB9      		out 42-0x20,r24
  61 003c 8BB1      		in r24,43-0x20
  62 003e 8F70      		andi r24,lo8(15)
  63 0040 806F      		ori r24,lo8(-16)
  64 0042 8BB9      		out 43-0x20,r24
  65               	/* epilogue: frame size=0 */
  66 0044 0895      		ret
  67               	/* epilogue end (size=1) */
  68               	/* function LcdWriteNibble size 29 (28) */
  69               		.size	LcdWriteNibble, .-LcdWriteNibble
  70               		.type	LcdWriteByte, @function
  71               	LcdWriteByte:
  72               	/* prologue: frame size=0 */
  73 0046 0F93      		push r16
  74 0048 1F93      		push r17
  75               	/* prologue end (size=2) */
  76 004a 082F      		mov r16,r24
  77 004c 162F      		mov r17,r22
  78 004e 8A98      		cbi 49-0x20,2
  79 0050 899A      		sbi 49-0x20,1
  80               	.L13:
  81 0052 729A      		sbi 46-0x20,2
  82               	/* #APP */
  83 0054 0000      		nop
  84 0056 0000      		nop
  85               	/* #NOAPP */
  86 0058 4F99      		sbic 41-0x20,7
  87 005a 00C0      		rjmp .L13
  88 005c 7298      		cbi 46-0x20,2
  89 005e 8A98      		cbi 49-0x20,2
  90 0060 8998      		cbi 49-0x20,1
  91 0062 612F      		mov r22,r17
  92 0064 607F      		andi r22,lo8(-16)
  93 0066 802F      		mov r24,r16
  94 0068 0E94 0000 		call LcdWriteNibble
  95 006c 1295      		swap r17
  96 006e 107F      		andi r17,0xf0
  97 0070 612F      		mov r22,r17
  98 0072 802F      		mov r24,r16
  99 0074 0E94 0000 		call LcdWriteNibble
 100               	/* epilogue: frame size=0 */
 101 0078 1F91      		pop r17
 102 007a 0F91      		pop r16
 103 007c 0895      		ret
 104               	/* epilogue end (size=3) */
 105               	/* function LcdWriteByte size 30 (25) */
 106               		.size	LcdWriteByte, .-LcdWriteByte
 107               	.global	LcdChar
 108               		.type	LcdChar, @function
 109               	LcdChar:
 110               	/* prologue: frame size=0 */
 111               	/* prologue end (size=0) */
 112 007e 682F      		mov r22,r24
 113 0080 83E0      		ldi r24,lo8(3)
 114 0082 0E94 0000 		call LcdWriteByte
GAS LISTING C:\Users\GUUSV_~1\AppData\Local\Temp/cchflQJb.s 			page 3


 115               	/* epilogue: frame size=0 */
 116 0086 0895      		ret
 117               	/* epilogue end (size=1) */
 118               	/* function LcdChar size 5 (4) */
 119               		.size	LcdChar, .-LcdChar
 120               	.global	ClearLcd
 121               		.type	ClearLcd, @function
 122               	ClearLcd:
 123               	/* prologue: frame size=0 */
 124               	/* prologue end (size=0) */
 125 0088 61E0      		ldi r22,lo8(1)
 126 008a 82E0      		ldi r24,lo8(2)
 127 008c 0E94 0000 		call LcdWriteByte
 128               	/* epilogue: frame size=0 */
 129 0090 0895      		ret
 130               	/* epilogue end (size=1) */
 131               	/* function ClearLcd size 5 (4) */
 132               		.size	ClearLcd, .-ClearLcd
 133               	.global	LcdArray
 134               		.type	LcdArray, @function
 135               	LcdArray:
 136               	/* prologue: frame size=0 */
 137 0092 EF92      		push r14
 138 0094 FF92      		push r15
 139 0096 0F93      		push r16
 140 0098 1F93      		push r17
 141 009a CF93      		push r28
 142 009c DF93      		push r29
 143               	/* prologue end (size=6) */
 144 009e 8C01      		movw r16,r24
 145 00a0 7B01      		movw r14,r22
 146 00a2 0E94 0000 		call ClearLcd
 147 00a6 65E0      		ldi r22,lo8(5)
 148 00a8 70E0      		ldi r23,hi8(5)
 149 00aa 80E0      		ldi r24,hlo8(5)
 150 00ac 90E0      		ldi r25,hhi8(5)
 151 00ae 0E94 0000 		call NutSleep
 152 00b2 C0E0      		ldi r28,lo8(0)
 153 00b4 D0E0      		ldi r29,hi8(0)
 154 00b6 00C0      		rjmp .L23
 155               	.L24:
 156 00b8 F801      		movw r30,r16
 157 00ba 8191      		ld r24,Z+
 158 00bc 8F01      		movw r16,r30
 159 00be 0E94 0000 		call LcdChar
 160 00c2 2196      		adiw r28,1
 161               	.L23:
 162 00c4 CE15      		cp r28,r14
 163 00c6 DF05      		cpc r29,r15
 164 00c8 04F0      		brlt .L24
 165               	/* epilogue: frame size=0 */
 166 00ca DF91      		pop r29
 167 00cc CF91      		pop r28
 168 00ce 1F91      		pop r17
 169 00d0 0F91      		pop r16
 170 00d2 FF90      		pop r15
 171 00d4 EF90      		pop r14
GAS LISTING C:\Users\GUUSV_~1\AppData\Local\Temp/cchflQJb.s 			page 4


 172 00d6 0895      		ret
 173               	/* epilogue end (size=7) */
 174               	/* function LcdArray size 35 (22) */
 175               		.size	LcdArray, .-LcdArray
 176               	.global	LcdLowLevelInit
 177               		.type	LcdLowLevelInit, @function
 178               	LcdLowLevelInit:
 179               	/* prologue: frame size=0 */
 180 00d8 1F93      		push r17
 181               	/* prologue end (size=1) */
 182 00da 8CE8      		ldi r24,lo8(-116)
 183 00dc 0E94 0000 		call NutDelay
 184 00e0 10E0      		ldi r17,lo8(0)
 185               	.L28:
 186 00e2 63E3      		ldi r22,lo8(51)
 187 00e4 82E0      		ldi r24,lo8(2)
 188 00e6 0E94 0000 		call LcdWriteNibble
 189 00ea 84E0      		ldi r24,lo8(4)
 190 00ec 0E94 0000 		call NutDelay
 191 00f0 1F5F      		subi r17,lo8(-(1))
 192 00f2 1330      		cpi r17,lo8(3)
 193 00f4 01F4      		brne .L28
 194 00f6 62E2      		ldi r22,lo8(34)
 195 00f8 82E0      		ldi r24,lo8(2)
 196 00fa 0E94 0000 		call LcdWriteNibble
 197 00fe 81E0      		ldi r24,lo8(1)
 198 0100 0E94 0000 		call NutDelay
 199 0104 68E2      		ldi r22,lo8(40)
 200 0106 82E0      		ldi r24,lo8(2)
 201 0108 0E94 0000 		call LcdWriteByte
 202 010c 85E0      		ldi r24,lo8(5)
 203 010e 0E94 0000 		call NutDelay
 204 0112 6CE0      		ldi r22,lo8(12)
 205 0114 82E0      		ldi r24,lo8(2)
 206 0116 0E94 0000 		call LcdWriteByte
 207 011a 85E0      		ldi r24,lo8(5)
 208 011c 0E94 0000 		call NutDelay
 209 0120 61E0      		ldi r22,lo8(1)
 210 0122 82E0      		ldi r24,lo8(2)
 211 0124 0E94 0000 		call LcdWriteByte
 212 0128 85E0      		ldi r24,lo8(5)
 213 012a 0E94 0000 		call NutDelay
 214 012e 66E0      		ldi r22,lo8(6)
 215 0130 82E0      		ldi r24,lo8(2)
 216 0132 0E94 0000 		call LcdWriteByte
 217 0136 60E8      		ldi r22,lo8(-128)
 218 0138 82E0      		ldi r24,lo8(2)
 219 013a 0E94 0000 		call LcdWriteByte
 220               	/* epilogue: frame size=0 */
 221 013e 1F91      		pop r17
 222 0140 0895      		ret
 223               	/* epilogue end (size=2) */
 224               	/* function LcdLowLevelInit size 53 (50) */
 225               		.size	LcdLowLevelInit, .-LcdLowLevelInit
 226               	/* File "source/display.c": code  165 = 0x00a5 ( 141), prologues   9, epilogues  15 */
GAS LISTING C:\Users\GUUSV_~1\AppData\Local\Temp/cchflQJb.s 			page 5


DEFINED SYMBOLS
                            *ABS*:00000000 display.c
C:\Users\GUUSV_~1\AppData\Local\Temp/cchflQJb.s:3      *ABS*:0000003f __SREG__
C:\Users\GUUSV_~1\AppData\Local\Temp/cchflQJb.s:4      *ABS*:0000003e __SP_H__
C:\Users\GUUSV_~1\AppData\Local\Temp/cchflQJb.s:5      *ABS*:0000003d __SP_L__
C:\Users\GUUSV_~1\AppData\Local\Temp/cchflQJb.s:6      *ABS*:00000000 __tmp_reg__
C:\Users\GUUSV_~1\AppData\Local\Temp/cchflQJb.s:7      *ABS*:00000001 __zero_reg__
C:\Users\GUUSV_~1\AppData\Local\Temp/cchflQJb.s:13     .text:00000000 LcdBackLight
C:\Users\GUUSV_~1\AppData\Local\Temp/cchflQJb.s:32     .text:00000010 LcdWriteNibble
C:\Users\GUUSV_~1\AppData\Local\Temp/cchflQJb.s:71     .text:00000046 LcdWriteByte
C:\Users\GUUSV_~1\AppData\Local\Temp/cchflQJb.s:109    .text:0000007e LcdChar
C:\Users\GUUSV_~1\AppData\Local\Temp/cchflQJb.s:122    .text:00000088 ClearLcd
C:\Users\GUUSV_~1\AppData\Local\Temp/cchflQJb.s:135    .text:00000092 LcdArray
C:\Users\GUUSV_~1\AppData\Local\Temp/cchflQJb.s:178    .text:000000d8 LcdLowLevelInit

UNDEFINED SYMBOLS
__do_copy_data
__do_clear_bss
NutSleep
NutDelay
